{
  "0 debug pnpm:scope": {
    "selected": 1,
    "workspacePrefix": "/Users/sebastian.giraudo/Documents/projects/hello-npm-package"
  },
  "1 error pnpm": {
    "errno": 1,
    "code": "ELIFECYCLE",
    "pkgid": "@kimurakenshi/hello-npm-package@1.0.2",
    "stage": "build",
    "script": "rm -rf dist && cp src dist",
    "pkgname": "@kimurakenshi/hello-npm-package",
    "err": {
      "name": "Error",
      "message": "@kimurakenshi/hello-npm-package@1.0.2 build: `rm -rf dist && cp src dist`\nExit status 1",
      "code": "ELIFECYCLE",
      "stack": "Error: @kimurakenshi/hello-npm-package@1.0.2 build: `rm -rf dist && cp src dist`\nExit status 1\n    at EventEmitter.<anonymous> (/Users/sebastian.giraudo/pnpm-global/5/node_modules/.pnpm/pnpm@6.0.2/node_modules/pnpm/dist/pnpm.cjs:103286:18)\n    at EventEmitter.emit (events.js:315:20)\n    at ChildProcess.<anonymous> (/Users/sebastian.giraudo/pnpm-global/5/node_modules/.pnpm/pnpm@6.0.2/node_modules/pnpm/dist/pnpm.cjs:88860:16)\n    at ChildProcess.emit (events.js:315:20)\n    at maybeClose (internal/child_process.js:1048:16)\n    at Process.ChildProcess._handle.onexit (internal/child_process.js:288:5)"
    }
  }
}